[0m19:53:02.142102 [debug] [MainThread]: Sending event: {'category': 'dbt', 'action': 'invocation', 'label': 'start', 'context': [<snowplow_tracker.self_describing_json.SelfDescribingJson object at 0x0000029316AA2170>, <snowplow_tracker.self_describing_json.SelfDescribingJson object at 0x0000029315B11F90>, <snowplow_tracker.self_describing_json.SelfDescribingJson object at 0x0000029315B11D80>]}


============================== 19:53:02.149169 | 715cd9e2-c99a-4e78-95b7-a3e50caa3ef2 ==============================
[0m19:53:02.149169 [info ] [MainThread]: Running with dbt=1.7.13
[0m19:53:02.151100 [debug] [MainThread]: running dbt with arguments {'printer_width': '80', 'indirect_selection': 'eager', 'write_json': 'True', 'log_cache_events': 'False', 'partial_parse': 'True', 'cache_selected_only': 'False', 'profiles_dir': 'C:\\Users\\DELL\\.dbt', 'version_check': 'True', 'warn_error': 'None', 'log_path': 'logs', 'debug': 'False', 'fail_fast': 'False', 'use_colors': 'True', 'use_experimental_parser': 'False', 'no_print': 'None', 'quiet': 'False', 'warn_error_options': 'WarnErrorOptions(include=[], exclude=[])', 'invocation_command': 'dbt init', 'log_format': 'default', 'static_parser': 'True', 'target_path': 'None', 'introspect': 'True', 'send_anonymous_usage_stats': 'True'}
[0m19:53:02.152103 [warn ] [MainThread]: [ConfigFolderDirectory]: Unable to parse dict {'dir': WindowsPath('C:/Users/DELL/.dbt')}
[0m19:53:02.154101 [info ] [MainThread]: Creating dbt configuration folder at 
[0m19:53:16.135722 [debug] [MainThread]: Starter project path: D:\dbt_learn\dbtlearn\course\venv\lib\site-packages\dbt\include\starter_project
[0m19:53:16.207616 [info ] [MainThread]: 
Your new dbt project "dbtlearn" was created!

For more information on how to configure the profiles.yml file,
please consult the dbt documentation here:

  https://docs.getdbt.com/docs/configure-your-profile

One more thing:

Need help? Don't hesitate to reach out to us via GitHub issues or on Slack:

  https://community.getdbt.com/

Happy modeling!

[0m19:53:16.211661 [info ] [MainThread]: Setting up your profile.
[0m19:57:03.789570 [info ] [MainThread]: Profile dbtlearn written to C:\Users\DELL\.dbt\profiles.yml using target's profile_template.yml and your supplied values. Run 'dbt debug' to validate the connection.
[0m19:57:03.793706 [debug] [MainThread]: Command `dbt init` succeeded at 19:57:03.792688 after 241.69 seconds
[0m19:57:03.794663 [debug] [MainThread]: Sending event: {'category': 'dbt', 'action': 'invocation', 'label': 'end', 'context': [<snowplow_tracker.self_describing_json.SelfDescribingJson object at 0x0000029316AA2170>, <snowplow_tracker.self_describing_json.SelfDescribingJson object at 0x0000029312A07580>, <snowplow_tracker.self_describing_json.SelfDescribingJson object at 0x0000029315B11DE0>]}
[0m19:57:03.796701 [debug] [MainThread]: Flushing usage events
